# JRE version: Java(TM) SE Runtime Environment (21.0.8+12) (build 21.0.8+12-LTS-250)
# Java VM: Java HotSpot(TM) 64-Bit Server VM (21.0.8+12-LTS-250, mixed mode, emulated-client, sharing, tiered, compressed oops, compressed class ptrs, g1 gc, windows-amd64)
GC Precious Log:
 CardTable entry size: 512
 Card Set container configuration: InlinePtr #cards 4 size 8 Array Of Cards #cards 16 size 48 Howl #buckets 8 coarsen threshold 3686 Howl Bitmap #cards 512 size 80 coarsen threshold 460 Card regions per heap region 1 cards per card region 4096
 CPUs: 12 total, 12 available
 Memory: 16055M
 Large Page Support: Disabled
 NUMA Support: Disabled
 Compressed Oops: Enabled (Zero based)
 Heap Region Size: 2M
 Heap Min Capacity: 8M
 Heap Initial Capacity: 252M
 Heap Max Capacity: 4014M
 Pre-touch: Disabled
 Parallel Workers: 10
 Concurrent Workers: 3
 Concurrent Refinement Workers: 10
 Periodic GC: Disabled
Heap:
 garbage-first heap   total 249856K, used 107728K [0x0000000705200000, 0x0000000800000000)
  region size 2048K, 21 young (43008K), 1 survivors (2048K)
 Metaspace       used 110267K, committed 111168K, reserved 1179648K
  class space    used 15600K, committed 16064K, reserved 1048576K
GC Heap History (20 events):
Event: 644.348 GC heap after
{Heap after GC invocations=74 (full 2):
 garbage-first heap   total 204800K, used 69288K [0x0000000705200000, 0x0000000800000000)
  region size 2048K, 6 young (12288K), 6 survivors (12288K)
 Metaspace       used 110027K, committed 110912K, reserved 1179648K
  class space    used 15574K, committed 16064K, reserved 1048576K
}
Event: 644.504 GC heap before
{Heap before GC invocations=74 (full 2):
 garbage-first heap   total 204800K, used 175784K [0x0000000705200000, 0x0000000800000000)
  region size 2048K, 58 young (118784K), 6 survivors (12288K)
 Metaspace       used 110027K, committed 110912K, reserved 1179648K
  class space    used 15574K, committed 16064K, reserved 1048576K
}
Event: 644.512 GC heap after
{Heap after GC invocations=75 (full 2):
 garbage-first heap   total 249856K, used 83160K [0x0000000705200000, 0x0000000800000000)
  region size 2048K, 8 young (16384K), 8 survivors (16384K)
 Metaspace       used 110027K, committed 110912K, reserved 1179648K
  class space    used 15574K, committed 16064K, reserved 1048576K
}
Event: 644.727 GC heap before
{Heap before GC invocations=75 (full 2):
 garbage-first heap   total 249856K, used 212184K [0x0000000705200000, 0x0000000800000000)
  region size 2048K, 71 young (145408K), 8 survivors (16384K)
 Metaspace       used 110027K, committed 110912K, reserved 1179648K
  class space    used 15574K, committed 16064K, reserved 1048576K
}
Event: 644.732 GC heap after
{Heap after GC invocations=76 (full 2):
 garbage-first heap   total 249856K, used 82907K [0x0000000705200000, 0x0000000800000000)
  region size 2048K, 8 young (16384K), 8 survivors (16384K)
 Metaspace       used 110027K, committed 110912K, reserved 1179648K
  class space    used 15574K, committed 16064K, reserved 1048576K
}
Event: 644.925 GC heap before
{Heap before GC invocations=76 (full 2):
 garbage-first heap   total 249856K, used 207835K [0x0000000705200000, 0x0000000800000000)
  region size 2048K, 69 young (141312K), 8 survivors (16384K)
 Metaspace       used 110027K, committed 110912K, reserved 1179648K
  class space    used 15574K, committed 16064K, reserved 1048576K
}
Event: 644.926 GC heap after
{Heap after GC invocations=77 (full 2):
 garbage-first heap   total 249856K, used 69803K [0x0000000705200000, 0x0000000800000000)
  region size 2048K, 2 young (4096K), 2 survivors (4096K)
 Metaspace       used 110027K, committed 110912K, reserved 1179648K
  class space    used 15574K, committed 16064K, reserved 1048576K
}
Event: 645.161 GC heap before
{Heap before GC invocations=77 (full 2):
 garbage-first heap   total 249856K, used 209067K [0x0000000705200000, 0x0000000800000000)
  region size 2048K, 70 young (143360K), 2 survivors (4096K)
 Metaspace       used 110027K, committed 110912K, reserved 1179648K
  class space    used 15574K, committed 16064K, reserved 1048576K
}
Event: 645.162 GC heap after
{Heap after GC invocations=78 (full 2):
 garbage-first heap   total 249856K, used 68332K [0x0000000705200000, 0x0000000800000000)
  region size 2048K, 1 young (2048K), 1 survivors (2048K)
 Metaspace       used 110027K, committed 110912K, reserved 1179648K
  class space    used 15574K, committed 16064K, reserved 1048576K
}
Event: 645.419 GC heap before
{Heap before GC invocations=78 (full 2):
 garbage-first heap   total 249856K, used 215788K [0x0000000705200000, 0x0000000800000000)
  region size 2048K, 73 young (149504K), 1 survivors (2048K)
 Metaspace       used 110027K, committed 110912K, reserved 1179648K
  class space    used 15574K, committed 16064K, reserved 1048576K
}
Event: 645.420 GC heap after
{Heap after GC invocations=79 (full 2):
 garbage-first heap   total 249856K, used 67677K [0x0000000705200000, 0x0000000800000000)
  region size 2048K, 1 young (2048K), 1 survivors (2048K)
 Metaspace       used 110027K, committed 110912K, reserved 1179648K
  class space    used 15574K, committed 16064K, reserved 1048576K
}
Event: 645.566 GC heap before
{Heap before GC invocations=79 (full 2):
 garbage-first heap   total 249856K, used 143453K [0x0000000705200000, 0x0000000800000000)
  region size 2048K, 36 young (73728K), 1 survivors (2048K)
 Metaspace       used 110027K, committed 110912K, reserved 1179648K
  class space    used 15574K, committed 16064K, reserved 1048576K
}
Event: 645.568 GC heap after
{Heap after GC invocations=80 (full 2):
 garbage-first heap   total 249856K, used 71593K [0x0000000705200000, 0x0000000800000000)
  region size 2048K, 1 young (2048K), 1 survivors (2048K)
 Metaspace       used 110027K, committed 110912K, reserved 1179648K
  class space    used 15574K, committed 16064K, reserved 1048576K
}
Event: 645.580 GC heap before
{Heap before GC invocations=80 (full 2):
 garbage-first heap   total 249856K, used 77737K [0x0000000705200000, 0x0000000800000000)
  region size 2048K, 2 young (4096K), 1 survivors (2048K)
 Metaspace       used 110027K, committed 110912K, reserved 1179648K
  class space    used 15574K, committed 16064K, reserved 1048576K
}
Event: 645.581 GC heap after
{Heap after GC invocations=81 (full 2):
 garbage-first heap   total 249856K, used 73634K [0x0000000705200000, 0x0000000800000000)
  region size 2048K, 1 young (2048K), 1 survivors (2048K)
 Metaspace       used 110027K, committed 110912K, reserved 1179648K
  class space    used 15574K, committed 16064K, reserved 1048576K
}
Event: 645.904 GC heap before
{Heap before GC invocations=82 (full 2):
 garbage-first heap   total 249856K, used 231330K [0x0000000705200000, 0x0000000800000000)
  region size 2048K, 73 young (149504K), 1 survivors (2048K)
 Metaspace       used 110024K, committed 110912K, reserved 1179648K
  class space    used 15573K, committed 16064K, reserved 1048576K
}
Event: 645.906 GC heap after
{Heap after GC invocations=83 (full 2):
 garbage-first heap   total 249856K, used 79234K [0x0000000705200000, 0x0000000800000000)
  region size 2048K, 1 young (2048K), 1 survivors (2048K)
 Metaspace       used 110024K, committed 110912K, reserved 1179648K
  class space    used 15573K, committed 16064K, reserved 1048576K
}
Event: 955.535 GC heap before
{Heap before GC invocations=83 (full 2):
 garbage-first heap   total 249856K, used 226690K [0x0000000705200000, 0x0000000800000000)
  region size 2048K, 73 young (149504K), 1 survivors (2048K)
 Metaspace       used 110096K, committed 110976K, reserved 1179648K
  class space    used 15586K, committed 16064K, reserved 1048576K
}
Event: 955.540 GC heap after
{Heap after GC invocations=84 (full 2):
 garbage-first heap   total 249856K, used 68091K [0x0000000705200000, 0x0000000800000000)
  region size 2048K, 1 young (2048K), 1 survivors (2048K)
 Metaspace       used 110096K, committed 110976K, reserved 1179648K
  class space    used 15586K, committed 16064K, reserved 1048576K
}
Event: 1221.779 GC heap before
{Heap before GC invocations=84 (full 2):
 garbage-first heap   total 249856K, used 107003K [0x0000000705200000, 0x0000000800000000)
  region size 2048K, 21 young (43008K), 1 survivors (2048K)
 Metaspace       used 110267K, committed 111168K, reserved 1179648K
  class space    used 15600K, committed 16064K, reserved 1048576K
}

