# JRE version: Java(TM) SE Runtime Environment (18.0.2.1+1) (build 18.0.2.1+1-1)
# Java VM: Java HotSpot(TM) 64-Bit Server VM (18.0.2.1+1-1, mixed mode, emulated-client, sharing, tiered, compressed oops, compressed class ptrs, g1 gc, windows-amd64)
GC Precious Log:
 CardTable entry size: 512
 Card Set container configuration: InlinePtr #cards 4 size 8 Array Of Cards #cards 16 size 48 Howl #buckets 8 coarsen threshold 3686 Howl Bitmap #cards 512 size 80 coarsen threshold 460 Card regions per heap region 1 cards per card region 4096
 CPUs: 12 total, 12 available
 Memory: 16055M
 Large Page Support: Disabled
 NUMA Support: Disabled
 Compressed Oops: Enabled (Zero based)
 Heap Region Size: 2M
 Heap Min Capacity: 8M
 Heap Initial Capacity: 252M
 Heap Max Capacity: 4014M
 Pre-touch: Disabled
 Parallel Workers: 10
 Concurrent Workers: 3
 Concurrent Refinement Workers: 10
 Periodic GC: Disabled
Heap:
 garbage-first heap   total 253952K, used 125336K [0x0000000705200000, 0x0000000800000000)
  region size 2048K, 26 young (53248K), 5 survivors (10240K)
 Metaspace       used 100591K, committed 102080K, reserved 1179648K
  class space    used 14363K, committed 14912K, reserved 1048576K
GC Heap History (20 events):
Event: 15.145 GC heap before
{Heap before GC invocations=31 (full 0):
 garbage-first heap   total 253952K, used 212805K [0x0000000705200000, 0x0000000800000000)
  region size 2048K, 74 young (151552K), 5 survivors (10240K)
 Metaspace       used 72775K, committed 73536K, reserved 1114112K
  class space    used 10151K, committed 10496K, reserved 1048576K
}
Event: 15.152 GC heap after
{Heap after GC invocations=32 (full 0):
 garbage-first heap   total 253952K, used 73712K [0x0000000705200000, 0x0000000800000000)
  region size 2048K, 7 young (14336K), 7 survivors (14336K)
 Metaspace       used 72775K, committed 73536K, reserved 1114112K
  class space    used 10151K, committed 10496K, reserved 1048576K
}
Event: 15.159 GC heap before
{Heap before GC invocations=32 (full 0):
 garbage-first heap   total 253952K, used 75760K [0x0000000705200000, 0x0000000800000000)
  region size 2048K, 8 young (16384K), 7 survivors (14336K)
 Metaspace       used 72938K, committed 73728K, reserved 1114112K
  class space    used 10201K, committed 10560K, reserved 1048576K
}
Event: 15.166 GC heap after
{Heap after GC invocations=33 (full 0):
 garbage-first heap   total 253952K, used 72934K [0x0000000705200000, 0x0000000800000000)
  region size 2048K, 1 young (2048K), 1 survivors (2048K)
 Metaspace       used 72938K, committed 73728K, reserved 1114112K
  class space    used 10201K, committed 10560K, reserved 1048576K
}
Event: 15.724 GC heap before
{Heap before GC invocations=33 (full 0):
 garbage-first heap   total 253952K, used 210150K [0x0000000705200000, 0x0000000800000000)
  region size 2048K, 69 young (141312K), 1 survivors (2048K)
 Metaspace       used 79801K, committed 80640K, reserved 1179648K
  class space    used 11353K, committed 11776K, reserved 1048576K
}
Event: 15.728 GC heap after
{Heap after GC invocations=34 (full 0):
 garbage-first heap   total 253952K, used 77365K [0x0000000705200000, 0x0000000800000000)
  region size 2048K, 3 young (6144K), 3 survivors (6144K)
 Metaspace       used 79801K, committed 80640K, reserved 1179648K
  class space    used 11353K, committed 11776K, reserved 1048576K
}
Event: 41.653 GC heap before
{Heap before GC invocations=34 (full 0):
 garbage-first heap   total 253952K, used 208437K [0x0000000705200000, 0x0000000800000000)
  region size 2048K, 68 young (139264K), 3 survivors (6144K)
 Metaspace       used 91262K, committed 92096K, reserved 1179648K
  class space    used 12823K, committed 13248K, reserved 1048576K
}
Event: 41.660 GC heap after
{Heap after GC invocations=35 (full 0):
 garbage-first heap   total 253952K, used 82521K [0x0000000705200000, 0x0000000800000000)
  region size 2048K, 6 young (12288K), 6 survivors (12288K)
 Metaspace       used 91262K, committed 92096K, reserved 1179648K
  class space    used 12823K, committed 13248K, reserved 1048576K
}
Event: 55.948 GC heap before
{Heap before GC invocations=35 (full 0):
 garbage-first heap   total 253952K, used 207449K [0x0000000705200000, 0x0000000800000000)
  region size 2048K, 68 young (139264K), 6 survivors (12288K)
 Metaspace       used 95756K, committed 96640K, reserved 1179648K
  class space    used 13593K, committed 14016K, reserved 1048576K
}
Event: 55.960 GC heap after
{Heap after GC invocations=36 (full 0):
 garbage-first heap   total 253952K, used 85094K [0x0000000705200000, 0x0000000800000000)
  region size 2048K, 4 young (8192K), 4 survivors (8192K)
 Metaspace       used 95756K, committed 96640K, reserved 1179648K
  class space    used 13593K, committed 14016K, reserved 1048576K
}
Event: 90.893 GC heap before
{Heap before GC invocations=36 (full 0):
 garbage-first heap   total 253952K, used 212070K [0x0000000705200000, 0x0000000800000000)
  region size 2048K, 67 young (137216K), 4 survivors (8192K)
 Metaspace       used 99892K, committed 100800K, reserved 1179648K
  class space    used 14296K, committed 14720K, reserved 1048576K
}
Event: 90.902 GC heap after
{Heap after GC invocations=37 (full 0):
 garbage-first heap   total 253952K, used 86406K [0x0000000705200000, 0x0000000800000000)
  region size 2048K, 5 young (10240K), 5 survivors (10240K)
 Metaspace       used 99892K, committed 100800K, reserved 1179648K
  class space    used 14296K, committed 14720K, reserved 1048576K
}
Event: 91.610 GC heap before
{Heap before GC invocations=37 (full 0):
 garbage-first heap   total 253952K, used 213382K [0x0000000705200000, 0x0000000800000000)
  region size 2048K, 67 young (137216K), 5 survivors (10240K)
 Metaspace       used 100127K, committed 101056K, reserved 1179648K
  class space    used 14326K, committed 14784K, reserved 1048576K
}
Event: 91.617 GC heap after
{Heap after GC invocations=38 (full 0):
 garbage-first heap   total 253952K, used 87010K [0x0000000705200000, 0x0000000800000000)
  region size 2048K, 5 young (10240K), 5 survivors (10240K)
 Metaspace       used 100127K, committed 101056K, reserved 1179648K
  class space    used 14326K, committed 14784K, reserved 1048576K
}
Event: 109.750 GC heap before
{Heap before GC invocations=38 (full 0):
 garbage-first heap   total 253952K, used 213986K [0x0000000705200000, 0x0000000800000000)
  region size 2048K, 68 young (139264K), 5 survivors (10240K)
 Metaspace       used 100355K, committed 101248K, reserved 1179648K
  class space    used 14352K, committed 14784K, reserved 1048576K
}
Event: 109.757 GC heap after
{Heap after GC invocations=39 (full 0):
 garbage-first heap   total 253952K, used 86383K [0x0000000705200000, 0x0000000800000000)
  region size 2048K, 5 young (10240K), 5 survivors (10240K)
 Metaspace       used 100355K, committed 101248K, reserved 1179648K
  class space    used 14352K, committed 14784K, reserved 1048576K
}
Event: 162.973 GC heap before
{Heap before GC invocations=39 (full 0):
 garbage-first heap   total 253952K, used 213359K [0x0000000705200000, 0x0000000800000000)
  region size 2048K, 68 young (139264K), 5 survivors (10240K)
 Metaspace       used 100581K, committed 101504K, reserved 1179648K
  class space    used 14388K, committed 14848K, reserved 1048576K
}
Event: 162.980 GC heap after
{Heap after GC invocations=40 (full 0):
 garbage-first heap   total 253952K, used 86581K [0x0000000705200000, 0x0000000800000000)
  region size 2048K, 5 young (10240K), 5 survivors (10240K)
 Metaspace       used 100581K, committed 101504K, reserved 1179648K
  class space    used 14388K, committed 14848K, reserved 1048576K
}
Event: 200.065 GC heap before
{Heap before GC invocations=40 (full 0):
 garbage-first heap   total 253952K, used 119349K [0x0000000705200000, 0x0000000800000000)
  region size 2048K, 22 young (45056K), 5 survivors (10240K)
 Metaspace       used 100835K, committed 101760K, reserved 1179648K
  class space    used 14446K, committed 14848K, reserved 1048576K
}
Event: 200.071 GC heap after
{Heap after GC invocations=41 (full 0):
 garbage-first heap   total 253952K, used 86424K [0x0000000705200000, 0x0000000800000000)
  region size 2048K, 5 young (10240K), 5 survivors (10240K)
 Metaspace       used 100835K, committed 101760K, reserved 1179648K
  class space    used 14446K, committed 14848K, reserved 1048576K
}

