# JRE version: Java(TM) SE Runtime Environment (18.0.2.1+1) (build 18.0.2.1+1-1)
# Java VM: Java HotSpot(TM) 64-Bit Server VM (18.0.2.1+1-1, mixed mode, emulated-client, sharing, tiered, compressed oops, compressed class ptrs, g1 gc, windows-amd64)
GC Precious Log:
 CardTable entry size: 512
 Card Set container configuration: InlinePtr #cards 4 size 8 Array Of Cards #cards 16 size 48 Howl #buckets 8 coarsen threshold 3686 Howl Bitmap #cards 512 size 80 coarsen threshold 460 Card regions per heap region 1 cards per card region 4096
 CPUs: 12 total, 12 available
 Memory: 16055M
 Large Page Support: Disabled
 NUMA Support: Disabled
 Compressed Oops: Enabled (Zero based)
 Heap Region Size: 2M
 Heap Min Capacity: 8M
 Heap Initial Capacity: 252M
 Heap Max Capacity: 4014M
 Pre-touch: Disabled
 Parallel Workers: 10
 Concurrent Workers: 3
 Concurrent Refinement Workers: 10
 Periodic GC: Disabled
Heap:
 garbage-first heap   total 221184K, used 175994K [0x0000000705200000, 0x0000000800000000)
  region size 2048K, 59 young (120832K), 3 survivors (6144K)
 Metaspace       used 102551K, committed 103552K, reserved 1179648K
  class space    used 13944K, committed 14400K, reserved 1048576K
GC Heap History (20 events):
Event: 1595.383 GC heap after
{Heap after GC invocations=62 (full 6):
 garbage-first heap   total 239616K, used 63435K [0x0000000705200000, 0x0000000800000000)
  region size 2048K, 5 young (10240K), 5 survivors (10240K)
 Metaspace       used 100645K, committed 101376K, reserved 1179648K
  class space    used 13753K, committed 14080K, reserved 1048576K
}
Event: 1853.424 GC heap before
{Heap before GC invocations=62 (full 6):
 garbage-first heap   total 239616K, used 83915K [0x0000000705200000, 0x0000000800000000)
  region size 2048K, 16 young (32768K), 5 survivors (10240K)
 Metaspace       used 100906K, committed 101696K, reserved 1179648K
  class space    used 13755K, committed 14144K, reserved 1048576K
}
Event: 1853.475 GC heap after
{Heap after GC invocations=63 (full 7):
 garbage-first heap   total 184320K, used 49833K [0x0000000705200000, 0x0000000800000000)
  region size 2048K, 0 young (0K), 0 survivors (0K)
 Metaspace       used 100823K, committed 101696K, reserved 1179648K
  class space    used 13737K, committed 14144K, reserved 1048576K
}
Event: 1854.037 GC heap before
{Heap before GC invocations=63 (full 7):
 garbage-first heap   total 184320K, used 148137K [0x0000000705200000, 0x0000000800000000)
  region size 2048K, 49 young (100352K), 0 survivors (0K)
 Metaspace       used 101202K, committed 101952K, reserved 1179648K
  class space    used 13796K, committed 14144K, reserved 1048576K
}
Event: 1854.043 GC heap after
{Heap after GC invocations=64 (full 7):
 garbage-first heap   total 184320K, used 57824K [0x0000000705200000, 0x0000000800000000)
  region size 2048K, 4 young (8192K), 4 survivors (8192K)
 Metaspace       used 101202K, committed 101952K, reserved 1179648K
  class space    used 13796K, committed 14144K, reserved 1048576K
}
Event: 1854.322 GC heap before
{Heap before GC invocations=65 (full 7):
 garbage-first heap   total 184320K, used 145888K [0x0000000705200000, 0x0000000800000000)
  region size 2048K, 48 young (98304K), 4 survivors (8192K)
 Metaspace       used 101049K, committed 101952K, reserved 1179648K
  class space    used 13772K, committed 14144K, reserved 1048576K
}
Event: 1854.326 GC heap after
{Heap after GC invocations=66 (full 7):
 garbage-first heap   total 184320K, used 57986K [0x0000000705200000, 0x0000000800000000)
  region size 2048K, 1 young (2048K), 1 survivors (2048K)
 Metaspace       used 101049K, committed 101952K, reserved 1179648K
  class space    used 13772K, committed 14144K, reserved 1048576K
}
Event: 1854.663 GC heap before
{Heap before GC invocations=66 (full 7):
 garbage-first heap   total 184320K, used 148098K [0x0000000705200000, 0x0000000800000000)
  region size 2048K, 45 young (92160K), 1 survivors (2048K)
 Metaspace       used 101328K, committed 102144K, reserved 1179648K
  class space    used 13815K, committed 14208K, reserved 1048576K
}
Event: 1854.666 GC heap after
{Heap after GC invocations=67 (full 7):
 garbage-first heap   total 184320K, used 59817K [0x0000000705200000, 0x0000000800000000)
  region size 2048K, 2 young (4096K), 2 survivors (4096K)
 Metaspace       used 101328K, committed 102144K, reserved 1179648K
  class space    used 13815K, committed 14208K, reserved 1048576K
}
Event: 1855.272 GC heap before
{Heap before GC invocations=67 (full 7):
 garbage-first heap   total 184320K, used 147881K [0x0000000705200000, 0x0000000800000000)
  region size 2048K, 45 young (92160K), 2 survivors (4096K)
 Metaspace       used 101650K, committed 102528K, reserved 1179648K
  class space    used 13855K, committed 14272K, reserved 1048576K
}
Event: 1855.276 GC heap after
{Heap after GC invocations=68 (full 7):
 garbage-first heap   total 184320K, used 62977K [0x0000000705200000, 0x0000000800000000)
  region size 2048K, 4 young (8192K), 4 survivors (8192K)
 Metaspace       used 101650K, committed 102528K, reserved 1179648K
  class space    used 13855K, committed 14272K, reserved 1048576K
}
Event: 1949.007 GC heap before
{Heap before GC invocations=68 (full 7):
 garbage-first heap   total 184320K, used 93697K [0x0000000705200000, 0x0000000800000000)
  region size 2048K, 21 young (43008K), 4 survivors (8192K)
 Metaspace       used 102017K, committed 102912K, reserved 1179648K
  class space    used 13909K, committed 14336K, reserved 1048576K
}
Event: 1949.059 GC heap after
{Heap after GC invocations=69 (full 8):
 garbage-first heap   total 184320K, used 54690K [0x0000000705200000, 0x0000000800000000)
  region size 2048K, 0 young (0K), 0 survivors (0K)
 Metaspace       used 101925K, committed 102912K, reserved 1179648K
  class space    used 13889K, committed 14336K, reserved 1048576K
}
Event: 1949.403 GC heap before
{Heap before GC invocations=69 (full 8):
 garbage-first heap   total 184320K, used 144802K [0x0000000705200000, 0x0000000800000000)
  region size 2048K, 45 young (92160K), 0 survivors (0K)
 Metaspace       used 102187K, committed 103104K, reserved 1179648K
  class space    used 13922K, committed 14336K, reserved 1048576K
}
Event: 1949.407 GC heap after
{Heap after GC invocations=70 (full 8):
 garbage-first heap   total 184320K, used 61198K [0x0000000705200000, 0x0000000800000000)
  region size 2048K, 4 young (8192K), 4 survivors (8192K)
 Metaspace       used 102187K, committed 103104K, reserved 1179648K
  class space    used 13922K, committed 14336K, reserved 1048576K
}
Event: 1949.568 GC heap before
{Heap before GC invocations=70 (full 8):
 garbage-first heap   total 184320K, used 145166K [0x0000000705200000, 0x0000000800000000)
  region size 2048K, 45 young (92160K), 4 survivors (8192K)
 Metaspace       used 102187K, committed 103104K, reserved 1179648K
  class space    used 13922K, committed 14336K, reserved 1048576K
}
Event: 1949.571 GC heap after
{Heap after GC invocations=71 (full 8):
 garbage-first heap   total 184320K, used 61624K [0x0000000705200000, 0x0000000800000000)
  region size 2048K, 4 young (8192K), 4 survivors (8192K)
 Metaspace       used 102187K, committed 103104K, reserved 1179648K
  class space    used 13922K, committed 14336K, reserved 1048576K
}
Event: 1949.702 GC heap before
{Heap before GC invocations=71 (full 8):
 garbage-first heap   total 184320K, used 145592K [0x0000000705200000, 0x0000000800000000)
  region size 2048K, 45 young (92160K), 4 survivors (8192K)
 Metaspace       used 102187K, committed 103104K, reserved 1179648K
  class space    used 13922K, committed 14336K, reserved 1048576K
}
Event: 1949.705 GC heap after
{Heap after GC invocations=72 (full 8):
 garbage-first heap   total 221184K, used 61306K [0x0000000705200000, 0x0000000800000000)
  region size 2048K, 1 young (2048K), 1 survivors (2048K)
 Metaspace       used 102187K, committed 103104K, reserved 1179648K
  class space    used 13922K, committed 14336K, reserved 1048576K
}
Event: 1962.723 GC heap before
{Heap before GC invocations=72 (full 8):
 garbage-first heap   total 221184K, used 175994K [0x0000000705200000, 0x0000000800000000)
  region size 2048K, 57 young (116736K), 1 survivors (2048K)
 Metaspace       used 102551K, committed 103552K, reserved 1179648K
  class space    used 13944K, committed 14400K, reserved 1048576K
}

